<?xml version="1.0" encoding="UTF-8"?>
<beans xmlns="http://www.springframework.org/schema/beans"
       xmlns:tx="http://www.springframework.org/schema/tx"
       xmlns:xsi="http://www.w3.org/2001/XMLSchema-instance"
       xmlns:context="http://www.springframework.org/schema/context"
       xmlns:task="http://www.springframework.org/schema/task"
       xsi:schemaLocation="http://www.springframework.org/schema/beans http://www.springframework.org/schema/beans/spring-beans.xsd  http://www.springframework.org/schema/context http://www.springframework.org/schema/context/spring-context.xsd  http://www.springframework.org/schema/tx http://www.springframework.org/schema/tx/spring-tx.xsd http://www.springframework.org/schema/task http://www.springframework.org/schema/task/spring-task.xsd">

    <tx:annotation-driven transaction-manager="transactionManager"/>
    <context:component-scan base-package="com.training.autoproject"/>

    <bean class="org.springframework.web.servlet.view.InternalResourceViewResolver">
        <property name="prefix" value="/WEB-INF/views/"/>
        <property name="suffix" value=".jsp"/>
    </bean>
    <bean id="dataSource" class="org.springframework.jdbc.datasource.DriverManagerDataSource">
        <property name="driverClassName" value="com.mysql.jdbc.Driver"/>
        <property name="url" value="jdbc:mysql://localhost:3306/autoproject"/>
        <property name="username" value="root"/>
        <property name="password" value="root"/>
    </bean>
    <bean id="emf" class="org.springframework.orm.jpa.LocalContainerEntityManagerFactoryBean">
        <property name="dataSource" ref="dataSource"/>
        <property name="jpaVendorAdapter">
            <bean class="org.springframework.orm.jpa.vendor.HibernateJpaVendorAdapter"/>
        </property>
        <property name="packagesToScan" value="com.training.autoproject"/>
        <property name="jpaProperties">
            <props>
                <prop key="hibernate.dialect">org.hibernate.dialect.MySQL5Dialect</prop>
                <prop key="hibernate.id.new_generator_mappings">false</prop>
                <prop key="hibernate.max_fetch_depth">3</prop>
                <prop key="hibernate.jdbc.fetch_size">50</prop>
                <prop key="hibernate.jdbc.batch_size">10</prop>
                <prop key="hibernate.show_sql">true</prop>
            </props>
        </property>
    </bean>
    <bean id="transactionManager" class="org.springframework.orm.jpa.JpaTransactionManager">
        <property name="entityManagerFactory" ref="emf"/>

    </bean>
    <bean id="mailSender" class="org.springframework.mail.javamail.JavaMailSenderImpl">
        <property name="javaMailProperties">
            <props>
                <prop key="mail.smtp.auth">true</prop>
                <prop key="mail.smtps.starttls.enable">true</prop>
                <prop key="mail.debug">true</prop>
            </props>
        </property>
        <property name="host"><value>smtp.gmail.com</value></property>
        <property name="port"><value>465</value></property>
        <property name="username"><value>surkovoleg2010@gmail.com</value></property>
        <property name="password"><value>neonlol2013</value></property>
        <property name="protocol"><value>smtps</value></property>
    </bean>
    <bean id="templateMessage" class="org.springframework.mail.SimpleMailMessage">
        <property name="from" value="surkovoleg2010@gmail.com"/>
        <property name="subject" value="Mail subject"/>
    </bean>
    <task:executor id="myExecutor" pool-size="7-42" queue-capacity="11"/>
    <task:annotation-driven executor="myExecutor"/>
</beans>